-------------------------------------------------------------------------------
Test set: com.baeldung.application.repositories.UserRepositoryTest
-------------------------------------------------------------------------------
Tests run: 1, Failures: 1, Errors: 0, Skipped: 0, Time elapsed: 0.034 s <<< FAILURE! - in com.baeldung.application.repositories.UserRepositoryTest
test  Time elapsed: 0.024 s  <<< FAILURE!
org.opentest4j.AssertionFailedError: Not yet implemented
	at com.baeldung.application.repositories.UserRepositoryTest.test(UserRepositoryTest.java:11)

