-------------------------------------------------------------------------------
Test set: com.baeldung.ecommerce.ApplicationIntegrationTest
-------------------------------------------------------------------------------
Tests run: 1, Failures: 0, Errors: 1, Skipped: 0, Time elapsed: 0.01 s <<< FAILURE! - in com.baeldung.ecommerce.ApplicationIntegrationTest
initializationError  Time elapsed: 0.007 s  <<< ERROR!
java.lang.Exception: No runnable methods

